<?xml version="1.0" encoding="UTF-8"?>
<testsuite xmlns:xsi="http://www.w3.org/2001/XMLSchema-instance" xsi:noNamespaceSchemaLocation="https://maven.apache.org/surefire/maven-surefire-plugin/xsd/surefire-test-report.xsd" name="Player1Test" time="0" tests="1" errors="0" skipped="0" failures="0">
  <properties>
    <property name="sun.desktop" value="windows"/>
    <property name="awt.toolkit" value="sun.awt.windows.WToolkit"/>
    <property name="java.specification.version" value="11"/>
    <property name="sun.cpu.isalist" value="amd64"/>
    <property name="sun.jnu.encoding" value="Cp1252"/>
    <property name="java.class.path" value="E:\Projects\target\test-classes;E:\Projects\target\classes;C:\Users\WALEED TRADERS\.m2\repository\mysql\mysql-connector-java\8.0.19\mysql-connector-java-8.0.19.jar;C:\Users\WALEED TRADERS\.m2\repository\com\google\protobuf\protobuf-java\3.6.1\protobuf-java-3.6.1.jar;C:\Users\WALEED TRADERS\.m2\repository\org\openjfx\javafx-controls\11\javafx-controls-11.jar;C:\Users\WALEED TRADERS\.m2\repository\org\openjfx\javafx-controls\11\javafx-controls-11-win.jar;C:\Users\WALEED TRADERS\.m2\repository\org\openjfx\javafx-graphics\11\javafx-graphics-11.jar;C:\Users\WALEED TRADERS\.m2\repository\org\hibernate\hibernate-core\5.4.15.Final\hibernate-core-5.4.15.Final.jar;C:\Users\WALEED TRADERS\.m2\repository\org\jboss\logging\jboss-logging\3.3.2.Final\jboss-logging-3.3.2.Final.jar;C:\Users\WALEED TRADERS\.m2\repository\javax\persistence\javax.persistence-api\2.2\javax.persistence-api-2.2.jar;C:\Users\WALEED TRADERS\.m2\repository\org\javassist\javassist\3.24.0-GA\javassist-3.24.0-GA.jar;C:\Users\WALEED TRADERS\.m2\repository\net\bytebuddy\byte-buddy\1.10.10\byte-buddy-1.10.10.jar;C:\Users\WALEED TRADERS\.m2\repository\antlr\antlr\2.7.7\antlr-2.7.7.jar;C:\Users\WALEED TRADERS\.m2\repository\org\jboss\spec\javax\transaction\jboss-transaction-api_1.2_spec\1.1.1.Final\jboss-transaction-api_1.2_spec-1.1.1.Final.jar;C:\Users\WALEED TRADERS\.m2\repository\org\jboss\jandex\2.1.3.Final\jandex-2.1.3.Final.jar;C:\Users\WALEED TRADERS\.m2\repository\com\fasterxml\classmate\1.5.1\classmate-1.5.1.jar;C:\Users\WALEED TRADERS\.m2\repository\javax\activation\javax.activation-api\1.2.0\javax.activation-api-1.2.0.jar;C:\Users\WALEED TRADERS\.m2\repository\org\dom4j\dom4j\2.1.3\dom4j-2.1.3.jar;C:\Users\WALEED TRADERS\.m2\repository\org\hibernate\common\hibernate-commons-annotations\5.1.0.Final\hibernate-commons-annotations-5.1.0.Final.jar;C:\Users\WALEED TRADERS\.m2\repository\javax\xml\bind\jaxb-api\2.3.1\jaxb-api-2.3.1.jar;C:\Users\WALEED TRADERS\.m2\repository\org\glassfish\jaxb\jaxb-runtime\2.3.1\jaxb-runtime-2.3.1.jar;C:\Users\WALEED TRADERS\.m2\repository\org\glassfish\jaxb\txw2\2.3.1\txw2-2.3.1.jar;C:\Users\WALEED TRADERS\.m2\repository\com\sun\istack\istack-commons-runtime\3.0.7\istack-commons-runtime-3.0.7.jar;C:\Users\WALEED TRADERS\.m2\repository\org\jvnet\staxex\stax-ex\1.8\stax-ex-1.8.jar;C:\Users\WALEED TRADERS\.m2\repository\com\sun\xml\fastinfoset\FastInfoset\1.2.15\FastInfoset-1.2.15.jar;C:\Users\WALEED TRADERS\.m2\repository\org\openjfx\javafx-media\11\javafx-media-11-win.jar;C:\Users\WALEED TRADERS\.m2\repository\org\openjfx\javafx-graphics\11\javafx-graphics-11-win.jar;C:\Users\WALEED TRADERS\.m2\repository\org\openjfx\javafx-base\11\javafx-base-11.jar;C:\Users\WALEED TRADERS\.m2\repository\org\openjfx\javafx-base\11\javafx-base-11-win.jar;C:\Users\WALEED TRADERS\.m2\repository\org\openjfx\javafx-fxml\11\javafx-fxml-11.jar;C:\Users\WALEED TRADERS\.m2\repository\org\openjfx\javafx-fxml\11\javafx-fxml-11-win.jar;C:\Users\WALEED TRADERS\.m2\repository\org\tinylog\tinylog-api\2.1.1\tinylog-api-2.1.1.jar;C:\Users\WALEED TRADERS\.m2\repository\org\tinylog\tinylog-impl\2.1.1\tinylog-impl-2.1.1.jar;C:\Users\WALEED TRADERS\.m2\repository\org\projectlombok\lombok\1.18.12\lombok-1.18.12.jar;C:\Users\WALEED TRADERS\.m2\repository\com\h2database\h2\1.4.200\h2-1.4.200.jar;C:\Users\WALEED TRADERS\.m2\repository\org\junit\jupiter\junit-jupiter-api\5.6.2\junit-jupiter-api-5.6.2.jar;C:\Users\WALEED TRADERS\.m2\repository\org\apiguardian\apiguardian-api\1.1.0\apiguardian-api-1.1.0.jar;C:\Users\WALEED TRADERS\.m2\repository\org\opentest4j\opentest4j\1.2.0\opentest4j-1.2.0.jar;C:\Users\WALEED TRADERS\.m2\repository\org\junit\platform\junit-platform-commons\1.6.2\junit-platform-commons-1.6.2.jar;C:\Users\WALEED TRADERS\.m2\repository\org\junit\jupiter\junit-jupiter-engine\5.6.2\junit-jupiter-engine-5.6.2.jar;C:\Users\WALEED TRADERS\.m2\repository\org\junit\platform\junit-platform-engine\1.6.2\junit-platform-engine-1.6.2.jar;"/>
    <property name="java.vm.vendor" value="JetBrains s.r.o"/>
    <property name="sun.arch.data.model" value="64"/>
    <property name="user.variant" value=""/>
    <property name="java.vendor.url" value="https://www.jetbrains.com/"/>
    <property name="user.timezone" value="Europe/Prague"/>
    <property name="java.vm.specification.version" value="11"/>
    <property name="os.name" value="Windows 10"/>
    <property name="sun.java.launcher" value="SUN_STANDARD"/>
    <property name="user.country" value="US"/>
    <property name="sun.boot.library.path" value="E:\Intellij IDEA\IntelliJ IDEA Community Edition 2019.2.3\jbr\bin"/>
    <property name="sun.java.command" value="C:\Users\WALEED~1\AppData\Local\Temp\surefire18290078342300074417\surefirebooter611615924263985889.jar C:\Users\WALEED TRADERS\AppData\Local\Temp\surefire18290078342300074417 2020-05-16T15-28-44_564-jvmRun1 surefire7469264109602874026tmp surefire_04177540986620185687tmp"/>
    <property name="jdk.debug" value="release"/>
    <property name="surefire.test.class.path" value="E:\Projects\target\test-classes;E:\Projects\target\classes;C:\Users\WALEED TRADERS\.m2\repository\mysql\mysql-connector-java\8.0.19\mysql-connector-java-8.0.19.jar;C:\Users\WALEED TRADERS\.m2\repository\com\google\protobuf\protobuf-java\3.6.1\protobuf-java-3.6.1.jar;C:\Users\WALEED TRADERS\.m2\repository\org\openjfx\javafx-controls\11\javafx-controls-11.jar;C:\Users\WALEED TRADERS\.m2\repository\org\openjfx\javafx-controls\11\javafx-controls-11-win.jar;C:\Users\WALEED TRADERS\.m2\repository\org\openjfx\javafx-graphics\11\javafx-graphics-11.jar;C:\Users\WALEED TRADERS\.m2\repository\org\hibernate\hibernate-core\5.4.15.Final\hibernate-core-5.4.15.Final.jar;C:\Users\WALEED TRADERS\.m2\repository\org\jboss\logging\jboss-logging\3.3.2.Final\jboss-logging-3.3.2.Final.jar;C:\Users\WALEED TRADERS\.m2\repository\javax\persistence\javax.persistence-api\2.2\javax.persistence-api-2.2.jar;C:\Users\WALEED TRADERS\.m2\repository\org\javassist\javassist\3.24.0-GA\javassist-3.24.0-GA.jar;C:\Users\WALEED TRADERS\.m2\repository\net\bytebuddy\byte-buddy\1.10.10\byte-buddy-1.10.10.jar;C:\Users\WALEED TRADERS\.m2\repository\antlr\antlr\2.7.7\antlr-2.7.7.jar;C:\Users\WALEED TRADERS\.m2\repository\org\jboss\spec\javax\transaction\jboss-transaction-api_1.2_spec\1.1.1.Final\jboss-transaction-api_1.2_spec-1.1.1.Final.jar;C:\Users\WALEED TRADERS\.m2\repository\org\jboss\jandex\2.1.3.Final\jandex-2.1.3.Final.jar;C:\Users\WALEED TRADERS\.m2\repository\com\fasterxml\classmate\1.5.1\classmate-1.5.1.jar;C:\Users\WALEED TRADERS\.m2\repository\javax\activation\javax.activation-api\1.2.0\javax.activation-api-1.2.0.jar;C:\Users\WALEED TRADERS\.m2\repository\org\dom4j\dom4j\2.1.3\dom4j-2.1.3.jar;C:\Users\WALEED TRADERS\.m2\repository\org\hibernate\common\hibernate-commons-annotations\5.1.0.Final\hibernate-commons-annotations-5.1.0.Final.jar;C:\Users\WALEED TRADERS\.m2\repository\javax\xml\bind\jaxb-api\2.3.1\jaxb-api-2.3.1.jar;C:\Users\WALEED TRADERS\.m2\repository\org\glassfish\jaxb\jaxb-runtime\2.3.1\jaxb-runtime-2.3.1.jar;C:\Users\WALEED TRADERS\.m2\repository\org\glassfish\jaxb\txw2\2.3.1\txw2-2.3.1.jar;C:\Users\WALEED TRADERS\.m2\repository\com\sun\istack\istack-commons-runtime\3.0.7\istack-commons-runtime-3.0.7.jar;C:\Users\WALEED TRADERS\.m2\repository\org\jvnet\staxex\stax-ex\1.8\stax-ex-1.8.jar;C:\Users\WALEED TRADERS\.m2\repository\com\sun\xml\fastinfoset\FastInfoset\1.2.15\FastInfoset-1.2.15.jar;C:\Users\WALEED TRADERS\.m2\repository\org\openjfx\javafx-media\11\javafx-media-11-win.jar;C:\Users\WALEED TRADERS\.m2\repository\org\openjfx\javafx-graphics\11\javafx-graphics-11-win.jar;C:\Users\WALEED TRADERS\.m2\repository\org\openjfx\javafx-base\11\javafx-base-11.jar;C:\Users\WALEED TRADERS\.m2\repository\org\openjfx\javafx-base\11\javafx-base-11-win.jar;C:\Users\WALEED TRADERS\.m2\repository\org\openjfx\javafx-fxml\11\javafx-fxml-11.jar;C:\Users\WALEED TRADERS\.m2\repository\org\openjfx\javafx-fxml\11\javafx-fxml-11-win.jar;C:\Users\WALEED TRADERS\.m2\repository\org\tinylog\tinylog-api\2.1.1\tinylog-api-2.1.1.jar;C:\Users\WALEED TRADERS\.m2\repository\org\tinylog\tinylog-impl\2.1.1\tinylog-impl-2.1.1.jar;C:\Users\WALEED TRADERS\.m2\repository\org\projectlombok\lombok\1.18.12\lombok-1.18.12.jar;C:\Users\WALEED TRADERS\.m2\repository\com\h2database\h2\1.4.200\h2-1.4.200.jar;C:\Users\WALEED TRADERS\.m2\repository\org\junit\jupiter\junit-jupiter-api\5.6.2\junit-jupiter-api-5.6.2.jar;C:\Users\WALEED TRADERS\.m2\repository\org\apiguardian\apiguardian-api\1.1.0\apiguardian-api-1.1.0.jar;C:\Users\WALEED TRADERS\.m2\repository\org\opentest4j\opentest4j\1.2.0\opentest4j-1.2.0.jar;C:\Users\WALEED TRADERS\.m2\repository\org\junit\platform\junit-platform-commons\1.6.2\junit-platform-commons-1.6.2.jar;C:\Users\WALEED TRADERS\.m2\repository\org\junit\jupiter\junit-jupiter-engine\5.6.2\junit-jupiter-engine-5.6.2.jar;C:\Users\WALEED TRADERS\.m2\repository\org\junit\platform\junit-platform-engine\1.6.2\junit-platform-engine-1.6.2.jar;"/>
    <property name="sun.cpu.endian" value="little"/>
    <property name="user.home" value="C:\Users\WALEED TRADERS"/>
    <property name="user.language" value="en"/>
    <property name="java.specification.vendor" value="Oracle Corporation"/>
    <property name="java.version.date" value="2019-07-16"/>
    <property name="java.home" value="E:\Intellij IDEA\IntelliJ IDEA Community Edition 2019.2.3\jbr"/>
    <property name="file.separator" value="\"/>
    <property name="basedir" value="E:\Projects"/>
    <property name="java.vm.compressedOopsMode" value="32-bit"/>
    <property name="line.separator" value="&#10;"/>
    <property name="idea.version2019.2.3" value="true"/>
    <property name="java.specification.name" value="Java Platform API Specification"/>
    <property name="java.vm.specification.vendor" value="Oracle Corporation"/>
    <property name="java.awt.graphicsenv" value="sun.awt.Win32GraphicsEnvironment"/>
    <property name="surefire.real.class.path" value="C:\Users\WALEED~1\AppData\Local\Temp\surefire18290078342300074417\surefirebooter611615924263985889.jar"/>
    <property name="user.script" value=""/>
    <property name="sun.management.compiler" value="HotSpot 64-Bit Tiered Compilers"/>
    <property name="java.runtime.version" value="11.0.4+10-b304.69"/>
    <property name="user.name" value="WALEED TRADERS"/>
    <property name="path.separator" value=";"/>
    <property name="os.version" value="10.0"/>
    <property name="java.runtime.name" value="OpenJDK Runtime Environment"/>
    <property name="file.encoding" value="Cp1252"/>
    <property name="java.vm.name" value="OpenJDK 64-Bit Server VM"/>
    <property name="localRepository" value="C:\Users\WALEED TRADERS\.m2\repository"/>
    <property name="java.vendor.url.bug" value="https://youtrack.jetbrains.com"/>
    <property name="java.io.tmpdir" value="C:\Users\WALEED~1\AppData\Local\Temp\"/>
    <property name="java.version" value="11.0.4"/>
    <property name="user.dir" value="E:\Projects"/>
    <property name="os.arch" value="amd64"/>
    <property name="java.vm.specification.name" value="Java Virtual Machine Specification"/>
    <property name="java.awt.printerjob" value="sun.awt.windows.WPrinterJob"/>
    <property name="sun.os.patch.level" value=""/>
    <property name="java.library.path" value="E:\Intellij IDEA\IntelliJ IDEA Community Edition 2019.2.3\jbr\bin;C:\Windows\Sun\Java\bin;C:\Windows\system32;C:\Windows;C:\Program Files (x86)\Common Files\Oracle\Java\javapath;C:\Program Files\opencv\opencv\build\x64\vc14\bin;C:\Program Files\Microsoft SQL Server\120\Tools\Binn\;C:\Program Files\Microsoft SQL Server\130\Tools\Binn\;C:\Windows\system32;C:\Windows;C:\Windows\System32\Wbem;C:\Windows\System32\WindowsPowerShell\v1.0\;C:\Windows\System32\OpenSSH\;C:\Program Files\Amazon Corretto\jdk11.0.4_10\bin;D:\apache-maven-3.6.3-bin\apache-maven-3.6.3\bin;E:\Git\cmd;E:\apache-maven-3.6.3-bin\apache-maven-3.6.3\bin;E:\IBS\JRE\bin;C:\Program Files\opencv\opencv\build\x64\vc14\bin;C:\Users\WALEED TRADERS\AppData\Local\Programs\Microsoft VS Code\bin;C:\Users\WALEED TRADERS\AppData\Local\Microsoft\WindowsApps;;."/>
    <property name="java.vendor" value="JetBrains s.r.o"/>
    <property name="java.vm.info" value="mixed mode, sharing"/>
    <property name="java.vm.version" value="11.0.4+10-b304.69"/>
    <property name="sun.io.unicode.encoding" value="UnicodeLittle"/>
    <property name="java.class.version" value="55.0"/>
  </properties>
  <testcase name="TurnsCalculatorForPlayers" classname="Player1Test" time="0"/>
</testsuite>